<?xml version="1.0" encoding="UTF-8"?>
<!-- Generated by org.testng.reporters.JUnitXMLReporter -->
<testsuite ignored="0" hostname="MSI" failures="1" tests="7" name="Test" time="51.459" errors="0" timestamp="2024-09-24T15:19:02 PDT">
  <testcase classname="testCases.Tc001_AccountRegistrationTest" name="verify_account_registration" time="1.74"/>
  <testcase classname="testCases.Tc002_LoginTest" name="verify_login" time="1.297"/>
  <testcase classname="testCases.Tc003_LoginDDT" name="verifyLoginDDT" time="1.839"/>
  <testcase classname="testCases.Tc003_LoginDDT" name="verifyLoginDDT" time="10.955">
    <failure type="java.lang.AssertionError" message="expected [true] but found [false]">
      <![CDATA[java.lang.AssertionError: expected [true] but found [false]
at testCases.Tc003_LoginDDT.verifyLoginDDT(Tc003_LoginDDT.java:40)
at java.base/java.util.ArrayList.forEach(ArrayList.java:1596)
... Removed 33 stack frames]]>
    </failure>
  </testcase> <!-- verifyLoginDDT -->
  <testcase classname="testCases.Tc003_LoginDDT" name="verifyLoginDDT" time="10.98"/>
  <testcase classname="testCases.Tc003_LoginDDT" name="verifyLoginDDT" time="11.318"/>
  <testcase classname="testCases.Tc003_LoginDDT" name="verifyLoginDDT" time="2.156"/>
</testsuite> <!-- Test -->
