<?xml version="1.0" encoding="UTF-8"?>
<!-- Generated by org.testng.reporters.JUnitXMLReporter -->
<testsuite ignored="0" hostname="MSI" failures="1" tests="7" name="Test" time="51.908" errors="0" timestamp="2024-09-24T15:12:42 PDT">
  <testcase classname="testCases.Tc001_AccountRegistrationTest" name="verify_account_registration" time="1.863"/>
  <testcase classname="testCases.Tc002_LoginTest" name="verify_login" time="1.309"/>
  <testcase classname="testCases.Tc003_LoginDDT" name="verifyLoginDDT" time="1.862"/>
  <testcase classname="testCases.Tc003_LoginDDT" name="verifyLoginDDT" time="10.977">
    <failure type="java.lang.AssertionError" message="expected [true] but found [false]">
      <![CDATA[java.lang.AssertionError: expected [true] but found [false]
at testCases.Tc003_LoginDDT.verifyLoginDDT(Tc003_LoginDDT.java:40)
at java.base/java.util.ArrayList.forEach(ArrayList.java:1511)
... Removed 31 stack frames]]>
    </failure>
  </testcase> <!-- verifyLoginDDT -->
  <testcase classname="testCases.Tc003_LoginDDT" name="verifyLoginDDT" time="10.996"/>
  <testcase classname="testCases.Tc003_LoginDDT" name="verifyLoginDDT" time="11.373"/>
  <testcase classname="testCases.Tc003_LoginDDT" name="verifyLoginDDT" time="2.195"/>
</testsuite> <!-- Test -->
